{
  "stats": {
    "suites": 1,
    "tests": 1,
    "passes": 1,
    "pending": 0,
    "failures": 0,
    "start": "2020-01-31T20:50:20.838Z",
    "end": "2020-01-31T20:50:37.413Z",
    "duration": 16575,
    "testsRegistered": 1,
    "passPercent": 100,
    "pendingPercent": 0,
    "other": 0,
    "hasOther": false,
    "skipped": 0,
    "hasSkipped": false
  },
  "results": [
    {
      "uuid": "4235c0b5-c425-482d-9a8f-f5f375275115",
      "title": "",
      "fullFile": "cypress\\integration\\Runner\\facebook_login_with_invalid_cred.js",
      "file": "cypress\\integration\\Runner\\facebook_login_with_invalid_cred.js",
      "beforeHooks": [],
      "afterHooks": [],
      "tests": [],
      "suites": [
        {
          "uuid": "1e62004d-19fa-4b9e-a226-e1a70549e0c6",
          "title": "To validate un authorized login in facebook",
          "fullFile": "",
          "file": "",
          "beforeHooks": [],
          "afterHooks": [],
          "tests": [
            {
              "title": "Search with facebook keyword and click on the Login link",
              "fullTitle": "To validate un authorized login in facebook Search with facebook keyword and click on the Login link",
              "timedOut": null,
              "duration": 16525,
              "state": "passed",
              "speed": "slow",
              "pass": true,
              "fail": false,
              "pending": false,
              "context": null,
              "code": "search_with_facebook_and_click_on_login_link();",
              "err": {},
              "uuid": "50d58a45-01d2-40b1-a6d7-a7c8891da3ff",
              "parentUUID": "1e62004d-19fa-4b9e-a226-e1a70549e0c6",
              "isHook": false,
              "skipped": false
            }
          ],
          "suites": [],
          "passes": [
            "50d58a45-01d2-40b1-a6d7-a7c8891da3ff"
          ],
          "failures": [],
          "pending": [],
          "skipped": [],
          "duration": 16525,
          "root": false,
          "rootEmpty": false,
          "_timeout": 2000
        }
      ],
      "passes": [],
      "failures": [],
      "pending": [],
      "skipped": [],
      "duration": 0,
      "root": true,
      "rootEmpty": true,
      "_timeout": 2000
    }
  ],
  "meta": {
    "mocha": {
      "version": "5.2.0"
    },
    "mochawesome": {
      "options": {
        "quiet": false,
        "reportFilename": "mochawesome",
        "saveHtml": true,
        "saveJson": true,
        "consoleReporter": "spec",
        "useInlineDiffs": false
      },
      "version": "4.1.0"
    },
    "marge": {
      "options": {
        "overwrite": "false",
        "reportPageTitle": "Automated Test Status",
        "reportTitle": "Automated Test Reporting Dashboard",
        "showPassed": "true",
        "autoOpen": "false",
        "charts": "true",
        "code": "false"
      },
      "version": "4.1.0"
    }
  }
}