{
  "stats": {
    "suites": 1,
    "tests": 5,
    "passes": 5,
    "pending": 0,
    "failures": 0,
    "start": "2020-01-31T19:41:51.623Z",
    "end": "2020-01-31T19:41:54.153Z",
    "duration": 2530,
    "testsRegistered": 5,
    "passPercent": 100,
    "pendingPercent": 0,
    "other": 0,
    "hasOther": false,
    "skipped": 0,
    "hasSkipped": false
  },
  "results": [
    {
      "uuid": "5a64d70b-6452-45cb-8252-51f7069ce8fb",
      "title": "",
      "fullFile": "cypress\\integration\\Runner\\Google_homePage_spec.js",
      "file": "cypress\\integration\\Runner\\Google_homePage_spec.js",
      "beforeHooks": [],
      "afterHooks": [],
      "tests": [],
      "suites": [
        {
          "uuid": "38387915-9b74-485b-b029-321b37e2c0c0",
          "title": "To validate the Home page components of Google",
          "fullFile": "",
          "file": "",
          "beforeHooks": [],
          "afterHooks": [],
          "tests": [
            {
              "title": "User should landing on Google home page",
              "fullTitle": "To validate the Home page components of Google User should landing on Google home page",
              "timedOut": null,
              "duration": 1974,
              "state": "passed",
              "speed": "slow",
              "pass": true,
              "fail": false,
              "pending": false,
              "context": null,
              "code": "navigate_google_homePage_and_check_site_logo();",
              "err": {},
              "uuid": "d458093b-b591-489b-aa4e-a1ae01a4450d",
              "parentUUID": "38387915-9b74-485b-b029-321b37e2c0c0",
              "isHook": false,
              "skipped": false
            },
            {
              "title": "Search box should be visible on the page",
              "fullTitle": "To validate the Home page components of Google Search box should be visible on the page",
              "timedOut": null,
              "duration": 48,
              "state": "passed",
              "speed": "medium",
              "pass": true,
              "fail": false,
              "pending": false,
              "context": null,
              "code": "visibility_of_searchBox();",
              "err": {},
              "uuid": "860b693e-0d33-4bf3-90c7-152dfeffde67",
              "parentUUID": "38387915-9b74-485b-b029-321b37e2c0c0",
              "isHook": false,
              "skipped": false
            },
            {
              "title": "Searchbo should be editable",
              "fullTitle": "To validate the Home page components of Google Searchbo should be editable",
              "timedOut": null,
              "duration": 407,
              "state": "passed",
              "speed": "slow",
              "pass": true,
              "fail": false,
              "pending": false,
              "context": null,
              "code": "verify_searchBox_is_editable();",
              "err": {},
              "uuid": "5436197e-52e9-4f2e-ab03-fed6d4e6225c",
              "parentUUID": "38387915-9b74-485b-b029-321b37e2c0c0",
              "isHook": false,
              "skipped": false
            },
            {
              "title": "Gmail and Image links should be available on the page",
              "fullTitle": "To validate the Home page components of Google Gmail and Image links should be available on the page",
              "timedOut": null,
              "duration": 37,
              "state": "passed",
              "speed": "fast",
              "pass": true,
              "fail": false,
              "pending": false,
              "context": null,
              "code": "verify_links_available_on_the_page();",
              "err": {},
              "uuid": "de10799c-ceed-4693-80b9-c3a2b96852c1",
              "parentUUID": "38387915-9b74-485b-b029-321b37e2c0c0",
              "isHook": false,
              "skipped": false
            },
            {
              "title": "Google search button should be present on the screen",
              "fullTitle": "To validate the Home page components of Google Google search button should be present on the screen",
              "timedOut": null,
              "duration": 20,
              "state": "passed",
              "speed": "fast",
              "pass": true,
              "fail": false,
              "pending": false,
              "context": null,
              "code": "check_the_search_button_isDisplayed();",
              "err": {},
              "uuid": "36e5baf9-b583-4c2a-9b42-d06084d0cd3b",
              "parentUUID": "38387915-9b74-485b-b029-321b37e2c0c0",
              "isHook": false,
              "skipped": false
            }
          ],
          "suites": [],
          "passes": [
            "d458093b-b591-489b-aa4e-a1ae01a4450d",
            "860b693e-0d33-4bf3-90c7-152dfeffde67",
            "5436197e-52e9-4f2e-ab03-fed6d4e6225c",
            "de10799c-ceed-4693-80b9-c3a2b96852c1",
            "36e5baf9-b583-4c2a-9b42-d06084d0cd3b"
          ],
          "failures": [],
          "pending": [],
          "skipped": [],
          "duration": 2486,
          "root": false,
          "rootEmpty": false,
          "_timeout": 2000
        }
      ],
      "passes": [],
      "failures": [],
      "pending": [],
      "skipped": [],
      "duration": 0,
      "root": true,
      "rootEmpty": true,
      "_timeout": 2000
    }
  ],
  "meta": {
    "mocha": {
      "version": "5.2.0"
    },
    "mochawesome": {
      "options": {
        "quiet": false,
        "reportFilename": "mochawesome",
        "saveHtml": true,
        "saveJson": true,
        "consoleReporter": "spec",
        "useInlineDiffs": false
      },
      "version": "4.1.0"
    },
    "marge": {
      "options": {},
      "version": "4.1.0"
    }
  }
}