{
  "stats": {
    "suites": 1,
    "tests": 5,
    "passes": 5,
    "pending": 0,
    "failures": 0,
    "start": "2020-01-31T21:19:06.742Z",
    "end": "2020-01-31T21:19:09.082Z",
    "duration": 2340,
    "testsRegistered": 5,
    "passPercent": 100,
    "pendingPercent": 0,
    "other": 0,
    "hasOther": false,
    "skipped": 0,
    "hasSkipped": false
  },
  "results": [
    {
      "uuid": "bbfbaf75-7368-43bc-9789-e3e6fae1c5e4",
      "title": "",
      "fullFile": "cypress\\integration\\Runner\\Google_homePage_spec.js",
      "file": "cypress\\integration\\Runner\\Google_homePage_spec.js",
      "beforeHooks": [],
      "afterHooks": [],
      "tests": [],
      "suites": [
        {
          "uuid": "11ef5f59-15a6-49c4-b69c-21686b6c0a8c",
          "title": "To validate the Home page components of Google",
          "fullFile": "",
          "file": "",
          "beforeHooks": [],
          "afterHooks": [],
          "tests": [
            {
              "title": "User should landing on Google home page",
              "fullTitle": "To validate the Home page components of Google User should landing on Google home page",
              "timedOut": null,
              "duration": 1612,
              "state": "passed",
              "speed": "slow",
              "pass": true,
              "fail": false,
              "pending": false,
              "context": null,
              "code": "navigate_google_homePage_and_check_site_logo();",
              "err": {},
              "uuid": "6c2f631f-207c-49ab-ac27-01e9790e7ba2",
              "parentUUID": "11ef5f59-15a6-49c4-b69c-21686b6c0a8c",
              "isHook": false,
              "skipped": false
            },
            {
              "title": "Search box should be visible on the page",
              "fullTitle": "To validate the Home page components of Google Search box should be visible on the page",
              "timedOut": null,
              "duration": 85,
              "state": "passed",
              "speed": "slow",
              "pass": true,
              "fail": false,
              "pending": false,
              "context": null,
              "code": "visibility_of_searchBox();",
              "err": {},
              "uuid": "dbb6ebc5-38dd-4a63-8565-5ef5fd5ffdef",
              "parentUUID": "11ef5f59-15a6-49c4-b69c-21686b6c0a8c",
              "isHook": false,
              "skipped": false
            },
            {
              "title": "Searchbo should be editable",
              "fullTitle": "To validate the Home page components of Google Searchbo should be editable",
              "timedOut": null,
              "duration": 482,
              "state": "passed",
              "speed": "slow",
              "pass": true,
              "fail": false,
              "pending": false,
              "context": null,
              "code": "verify_searchBox_is_editable();",
              "err": {},
              "uuid": "7b2ae4c6-1c6f-496f-bd33-fdc5d0d8425b",
              "parentUUID": "11ef5f59-15a6-49c4-b69c-21686b6c0a8c",
              "isHook": false,
              "skipped": false
            },
            {
              "title": "Gmail and Image links should be available on the page",
              "fullTitle": "To validate the Home page components of Google Gmail and Image links should be available on the page",
              "timedOut": null,
              "duration": 63,
              "state": "passed",
              "speed": "medium",
              "pass": true,
              "fail": false,
              "pending": false,
              "context": null,
              "code": "verify_links_available_on_the_page();",
              "err": {},
              "uuid": "f4346d61-b709-4d94-9590-66a205288275",
              "parentUUID": "11ef5f59-15a6-49c4-b69c-21686b6c0a8c",
              "isHook": false,
              "skipped": false
            },
            {
              "title": "Google search button should be present on the screen",
              "fullTitle": "To validate the Home page components of Google Google search button should be present on the screen",
              "timedOut": null,
              "duration": 32,
              "state": "passed",
              "speed": "fast",
              "pass": true,
              "fail": false,
              "pending": false,
              "context": null,
              "code": "check_the_search_button_isDisplayed();",
              "err": {},
              "uuid": "e56203a6-c7d7-4f3a-8db8-990c1c34b5c5",
              "parentUUID": "11ef5f59-15a6-49c4-b69c-21686b6c0a8c",
              "isHook": false,
              "skipped": false
            }
          ],
          "suites": [],
          "passes": [
            "6c2f631f-207c-49ab-ac27-01e9790e7ba2",
            "dbb6ebc5-38dd-4a63-8565-5ef5fd5ffdef",
            "7b2ae4c6-1c6f-496f-bd33-fdc5d0d8425b",
            "f4346d61-b709-4d94-9590-66a205288275",
            "e56203a6-c7d7-4f3a-8db8-990c1c34b5c5"
          ],
          "failures": [],
          "pending": [],
          "skipped": [],
          "duration": 2274,
          "root": false,
          "rootEmpty": false,
          "_timeout": 2000
        }
      ],
      "passes": [],
      "failures": [],
      "pending": [],
      "skipped": [],
      "duration": 0,
      "root": true,
      "rootEmpty": true,
      "_timeout": 2000
    }
  ],
  "meta": {
    "mocha": {
      "version": "5.2.0"
    },
    "mochawesome": {
      "options": {
        "quiet": false,
        "reportFilename": "mochawesome",
        "saveHtml": true,
        "saveJson": true,
        "consoleReporter": "spec",
        "useInlineDiffs": false
      },
      "version": "4.1.0"
    },
    "marge": {
      "options": {
        "overwrite": "false",
        "reportPageTitle": "Automated Test Status",
        "reportTitle": "Automated Test Reporting Dashboard",
        "showPassed": "true",
        "autoOpen": "false",
        "charts": "true",
        "code": "false"
      },
      "version": "4.1.0"
    }
  }
}